<?xml version="1.0" encoding="UTF-8"?>
<!-- Generated by org.testng.reporters.JUnitReportReporter -->
<testsuite hostname="DESKTOP-KDF4MER" failures="0" tests="3" name="TestPack.Test11" time="0.009" errors="0" timestamp="2023-12-12T08:03:10 CST" skipped="0">
  <testcase classname="TestPack.Test11" name="test12" time="0.004"/>
  <testcase classname="TestPack.Test11" name="test13" time="0.003"/>
  <testcase classname="TestPack.Test11" name="test11" time="0.002"/>
</testsuite> <!-- TestPack.Test11 -->
