<?xml version="1.0" encoding="UTF-8"?>
<!-- Generated by org.testng.reporters.JUnitReportReporter -->
<testsuite hostname="DESKTOP-KDF4MER" failures="0" tests="3" name="TestPack.Test2" time="0.006" errors="0" timestamp="2023-12-12T08:03:10 CST" skipped="0">
  <testcase classname="TestPack.Test2" name="Test21" time="0.003"/>
  <testcase classname="TestPack.Test2" name="test22" time="0.002"/>
  <testcase classname="TestPack.Test2" name="test123" time="0.001"/>
</testsuite> <!-- TestPack.Test2 -->
