<?xml version="1.0" encoding="UTF-8"?>
<!-- Generated by org.testng.reporters.JUnitReportReporter -->
<testsuite hostname="DESKTOP-KDF4MER" failures="0" tests="1" name="Properties.PropertiesClass" time="0.041" errors="0" timestamp="2023-12-13T07:49:54 CST" skipped="0">
  <testcase classname="Properties.PropertiesClass" name="Data" time="0.041"/>
</testsuite> <!-- Properties.PropertiesClass -->
