<?xml version="1.0" encoding="UTF-8"?>
<!-- Generated by org.testng.reporters.JUnitReportReporter -->
<testsuite hostname="DESKTOP-KDF4MER" failures="0" tests="3" name="TestPack.DataProviderAnnotation" time="0.014" errors="0" timestamp="2023-12-12T08:03:10 CST" skipped="0">
  <testcase classname="TestPack.DataProviderAnnotation" name="carloan" time="0.005"/>
  <testcase classname="TestPack.DataProviderAnnotation" name="carloan" time="0.002"/>
  <testcase classname="TestPack.DataProviderAnnotation" name="carloan" time="0.007"/>
</testsuite> <!-- TestPack.DataProviderAnnotation -->
