<?xml version="1.0" encoding="UTF-8"?>
<!-- Generated by org.testng.reporters.JUnitReportReporter -->
<testsuite hostname="DESKTOP-KDF4MER" failures="0" tests="4" name="TestPack.Test3" time="0.011" errors="0" timestamp="2023-12-12T08:03:10 CST" skipped="0">
  <testcase classname="TestPack.Test3" name="test31" time="0.005"/>
  <testcase classname="TestPack.Test3" name="test34" time="0.002"/>
  <testcase classname="TestPack.Test3" name="test32" time="0.002"/>
  <testcase classname="TestPack.Test3" name="test33" time="0.002"/>
</testsuite> <!-- TestPack.Test3 -->
